TN:
SF:src/index.ts
FN:26,(anonymous_1)
FN:33,(anonymous_2)
FN:54,(anonymous_3)
FN:74,(anonymous_4)
FN:83,(anonymous_5)
FNF:5
FNH:1
FNDA:0,(anonymous_1)
FNDA:0,(anonymous_2)
FNDA:0,(anonymous_3)
FNDA:0,(anonymous_4)
FNDA:2,(anonymous_5)
DA:1,2
DA:2,2
DA:3,2
DA:4,2
DA:5,2
DA:6,2
DA:8,2
DA:10,2
DA:11,2
DA:14,2
DA:15,2
DA:19,2
DA:22,2
DA:23,2
DA:26,2
DA:27,0
DA:31,2
DA:33,2
DA:34,0
DA:35,0
DA:36,0
DA:39,0
DA:41,0
DA:42,0
DA:43,0
DA:44,0
DA:50,0
DA:54,2
DA:55,0
DA:56,0
DA:57,0
DA:60,0
DA:61,0
DA:63,0
DA:74,2
DA:75,0
DA:79,2
DA:82,2
DA:83,2
DA:84,2
DA:88,2
LF:41
LH:24
BRDA:11,0,0,2
BRDA:11,0,1,0
BRDA:31,1,0,2
BRDA:31,1,1,0
BRDA:35,2,0,0
BRDA:35,2,1,0
BRDA:41,3,0,0
BRDA:41,3,1,0
BRDA:42,4,0,0
BRDA:42,4,1,0
BRDA:42,5,0,0
BRDA:42,5,1,0
BRDA:42,6,0,0
BRDA:42,6,1,0
BRDA:56,7,0,0
BRDA:56,7,1,0
BRDA:56,8,0,0
BRDA:56,8,1,0
BRDA:61,9,0,0
BRDA:61,9,1,0
BRDA:61,10,0,0
BRDA:61,10,1,0
BRDA:61,11,0,0
BRDA:61,11,1,0
BRDA:68,12,0,0
BRDA:68,12,1,0
BRDA:68,13,0,0
BRDA:68,13,1,0
BRDA:68,14,0,0
BRDA:68,14,1,0
BRDA:82,15,0,2
BRDA:82,15,1,0
BRF:32
BRH:3
end_of_record
TN:
SF:src/controllers/authController.ts
FN:10,generateToken
FN:17,(anonymous_2)
FN:43,verifyToken
FN:53,isValidToken
FNF:4
FNH:4
FNDA:2,generateToken
FNDA:4,(anonymous_2)
FNDA:2,verifyToken
FNDA:2,isValidToken
DA:1,2
DA:2,2
DA:4,2
DA:7,2
DA:10,2
DA:11,2
DA:12,2
DA:17,2
DA:18,4
DA:19,4
DA:21,4
DA:22,1
DA:26,3
DA:27,3
DA:28,1
DA:32,2
DA:33,2
DA:35,2
DA:37,0
DA:38,0
DA:43,2
DA:44,2
DA:45,2
DA:46,2
DA:48,0
DA:53,2
DA:54,2
LF:27
LH:24
BRDA:11,0,0,2
BRDA:11,0,1,0
BRDA:21,1,0,1
BRDA:21,1,1,3
BRDA:27,2,0,1
BRDA:27,2,1,2
BRDA:45,3,0,2
BRDA:45,3,1,0
BRF:8
BRH:6
end_of_record
TN:
SF:src/controllers/justifyController.ts
FN:9,(anonymous_0)
FN:27,(anonymous_1)
FNF:2
FNH:2
FNDA:3,(anonymous_0)
FNDA:2,(anonymous_1)
DA:1,2
DA:2,2
DA:3,2
DA:4,2
DA:6,2
DA:9,2
DA:10,3
DA:11,3
DA:13,3
DA:14,1
DA:17,2
DA:18,2
DA:19,0
DA:22,2
DA:23,2
DA:27,2
DA:28,2
DA:29,2
DA:31,2
DA:32,1
DA:35,1
DA:36,1
DA:37,1
DA:39,0
DA:40,0
DA:45,2
LF:26
LH:23
BRDA:11,0,0,3
BRDA:11,0,1,2
BRDA:13,1,0,1
BRDA:13,1,1,2
BRDA:18,2,0,0
BRDA:18,2,1,2
BRDA:18,3,0,2
BRDA:18,3,1,2
BRDA:31,4,0,1
BRDA:31,4,1,1
BRDA:31,5,0,2
BRDA:31,5,1,2
BRF:12
BRH:11
end_of_record
TN:
SF:src/middlewares/errorHandler.ts
FN:3,errorHandler
FNF:1
FNH:0
FNDA:0,errorHandler
DA:3,2
DA:9,0
DA:12,0
DA:13,0
DA:17,0
DA:18,0
DA:25,0
DA:26,0
DA:33,0
LF:9
LH:1
BRDA:12,0,0,0
BRDA:12,0,1,0
BRDA:12,1,0,0
BRDA:12,1,1,0
BRDA:17,2,0,0
BRDA:17,2,1,0
BRDA:25,3,0,0
BRDA:25,3,1,0
BRDA:33,4,0,0
BRDA:33,4,1,0
BRDA:34,5,0,0
BRDA:34,5,1,0
BRF:12
BRH:0
end_of_record
TN:
SF:src/middlewares/rateLimit.ts
FN:11,resetDailyCounts
FN:32,(anonymous_1)
FN:57,(anonymous_2)
FNF:3
FNH:3
FNDA:2,resetDailyCounts
FNDA:2,(anonymous_1)
FNDA:4,(anonymous_2)
DA:5,2
DA:8,2
DA:12,2
DA:13,2
DA:14,2
DA:16,2
DA:17,0
DA:18,0
DA:23,2
DA:24,2
DA:25,2
DA:29,2
DA:32,2
DA:33,2
DA:34,2
DA:36,2
DA:37,0
DA:38,0
DA:42,2
DA:43,2
DA:44,2
DA:46,2
DA:49,2
DA:50,1
DA:51,1
DA:52,1
DA:56,2
DA:57,4
DA:59,2
DA:62,2
DA:63,0
DA:64,0
DA:65,0
DA:69,2
DA:74,2
DA:76,0
LF:36
LH:28
BRDA:5,0,0,2
BRDA:5,0,1,2
BRDA:17,1,0,0
BRDA:17,1,1,0
BRDA:34,2,0,0
BRDA:34,2,1,2
BRDA:34,3,0,2
BRDA:34,3,1,2
BRDA:36,4,0,0
BRDA:36,4,1,2
BRDA:49,5,0,1
BRDA:49,5,1,1
BRDA:49,6,0,2
BRDA:49,6,1,1
BRDA:57,7,0,1
BRDA:57,7,1,1
BRDA:62,8,0,0
BRDA:62,8,1,2
BRF:18
BRH:13
end_of_record
TN:
SF:src/services/justify.ts
FN:7,justifyText
FN:13,(anonymous_1)
FN:55,justifyLine
FN:60,(anonymous_3)
FNF:4
FNH:2
FNDA:1,justifyText
FNDA:4,(anonymous_1)
FNDA:0,justifyLine
FNDA:0,(anonymous_3)
DA:7,2
DA:8,1
DA:9,0
DA:13,4
DA:15,1
DA:16,0
DA:19,1
DA:20,1
DA:21,1
DA:24,1
DA:26,4
DA:27,0
DA:29,0
DA:30,0
DA:34,0
DA:35,0
DA:36,0
DA:40,4
DA:41,4
DA:45,1
DA:46,1
DA:49,1
DA:56,0
DA:57,0
DA:60,0
DA:61,0
DA:62,0
DA:63,0
DA:65,0
DA:67,0
DA:68,0
DA:71,0
DA:73,0
DA:76,0
DA:77,0
DA:78,0
DA:83,0
LF:37
LH:14
BRDA:7,0,0,0
BRDA:8,1,0,0
BRDA:8,1,1,1
BRDA:15,2,0,0
BRDA:15,2,1,1
BRDA:26,3,0,0
BRDA:26,3,1,4
BRDA:27,4,0,0
BRDA:27,4,1,0
BRDA:45,5,0,1
BRDA:45,5,1,0
BRDA:56,6,0,0
BRDA:56,6,1,0
BRDA:71,7,0,0
BRDA:71,7,1,0
BRDA:76,8,0,0
BRDA:76,8,1,0
BRF:17
BRH:4
end_of_record
